INF [20180627-09:31:01.196] thr=1   paramiko.hostkeys: Unable to handle key of type ssh-ed25519
DEB [20180627-09:31:01.322] thr=2   paramiko.transport: starting thread (client mode): 0x22f1350L
DEB [20180627-09:31:01.322] thr=2   paramiko.transport: Local version/idstring: SSH-2.0-paramiko_2.1.1
DEB [20180627-09:31:01.337] thr=2   paramiko.transport: Remote version/idstring: SSH-2.0-OpenSSH_6.6.1
INF [20180627-09:31:01.338] thr=2   paramiko.transport: Connected (version 2.0, client OpenSSH_6.6.1)
DEB [20180627-09:31:01.341] thr=2   paramiko.transport: kex algos:[u'curve25519-sha256@libssh.org', u'ecdh-sha2-nistp256', u'ecdh-sha2-nistp384', u'ecdh-sha2-nistp521', u'diffie-hellman-group-exchange-sha256', u'diffie-hellman-group-exchange-sha1', u'diffie-hellman-group14-sha1', u'diffie-hellman-group1-sha1'] server key:[u'ssh-rsa', u'ecdsa-sha2-nistp256', u'ssh-ed25519'] client encrypt:[u'aes128-ctr', u'aes192-ctr', u'aes256-ctr', u'arcfour256', u'arcfour128', u'aes128-gcm@openssh.com', u'aes256-gcm@openssh.com', u'chacha20-poly1305@openssh.com', u'aes128-cbc', u'3des-cbc', u'blowfish-cbc', u'cast128-cbc', u'aes192-cbc', u'aes256-cbc', u'arcfour', u'rijndael-cbc@lysator.liu.se'] server encrypt:[u'aes128-ctr', u'aes192-ctr', u'aes256-ctr', u'arcfour256', u'arcfour128', u'aes128-gcm@openssh.com', u'aes256-gcm@openssh.com', u'chacha20-poly1305@openssh.com', u'aes128-cbc', u'3des-cbc', u'blowfish-cbc', u'cast128-cbc', u'aes192-cbc', u'aes256-cbc', u'arcfour', u'rijndael-cbc@lysator.liu.se'] client mac:[u'hmac-md5-etm@openssh.com', u'hmac-sha1-etm@openssh.com', u'umac-64-etm@openssh.com', u'umac-128-etm@openssh.com', u'hmac-sha2-256-etm@openssh.com', u'hmac-sha2-512-etm@openssh.com', u'hmac-ripemd160-etm@openssh.com', u'hmac-sha1-96-etm@openssh.com', u'hmac-md5-96-etm@openssh.com', u'hmac-md5', u'hmac-sha1', u'umac-64@openssh.com', u'umac-128@openssh.com', u'hmac-sha2-256', u'hmac-sha2-512', u'hmac-ripemd160', u'hmac-ripemd160@openssh.com', u'hmac-sha1-96', u'hmac-md5-96'] server mac:[u'hmac-md5-etm@openssh.com', u'hmac-sha1-etm@openssh.com', u'umac-64-etm@openssh.com', u'umac-128-etm@openssh.com', u'hmac-sha2-256-etm@openssh.com', u'hmac-sha2-512-etm@openssh.com', u'hmac-ripemd160-etm@openssh.com', u'hmac-sha1-96-etm@openssh.com', u'hmac-md5-96-etm@openssh.com', u'hmac-md5', u'hmac-sha1', u'umac-64@openssh.com', u'umac-128@openssh.com', u'hmac-sha2-256', u'hmac-sha2-512', u'hmac-ripemd160', u'hmac-ripemd160@openssh.com', u'hmac-sha1-96', u'hmac-md5-96'] client compress:[u'none', u'zlib@openssh.com'] server compress:[u'none', u'zlib@openssh.com'] client lang:[u''] server lang:[u''] kex follows?False
DEB [20180627-09:31:01.341] thr=2   paramiko.transport: Kex agreed: diffie-hellman-group1-sha1
DEB [20180627-09:31:01.341] thr=2   paramiko.transport: Cipher agreed: aes128-ctr
DEB [20180627-09:31:01.341] thr=2   paramiko.transport: MAC agreed: hmac-sha2-256
DEB [20180627-09:31:01.342] thr=2   paramiko.transport: Compression agreed: none
DEB [20180627-09:31:01.367] thr=2   paramiko.transport: kex engine KexGroup1 specified hash_algo <built-in function openssl_sha1>
DEB [20180627-09:31:01.367] thr=2   paramiko.transport: Switch to new keys ...
DEB [20180627-09:31:01.387] thr=1   paramiko.transport: Adding ssh-rsa host key for 10.54.12.29: df5ea4f83e58ff51a583fca77c4eb44b
DEB [20180627-09:31:01.389] thr=1   paramiko.transport: Trying discovered key 788faaf1d5e9c0ce4c2c9ef1229e74db in /root/.ssh/id_rsa
DEB [20180627-09:31:01.406] thr=2   paramiko.transport: userauth is OK
INF [20180627-09:31:01.415] thr=2   paramiko.transport: Authentication (publickey) successful!
DEB [20180627-09:31:01.421] thr=1   paramiko.transport: [chan 0] Max packet in: 32768 bytes
DEB [20180627-09:31:01.422] thr=2   paramiko.transport: [chan 0] Max packet out: 32768 bytes
DEB [20180627-09:31:01.422] thr=2   paramiko.transport: Secsh channel 0 opened.
DEB [20180627-09:31:01.424] thr=2   paramiko.transport: [chan 0] Sesch channel 0 request ok
DEB [20180627-09:31:01.453] thr=2   paramiko.transport: [chan 0] EOF received (0)
DEB [20180627-09:31:01.453] thr=2   paramiko.transport: [chan 0] EOF sent (0)
DEB [20180627-09:31:01.554] thr=2   paramiko.transport: EOF in transport thread
